<?xml version="1.0" encoding="UTF-8"?>
<!-- Generated by org.testng.reporters.JUnitXMLReporter -->
<testsuite hostname="sys" ignored="0" name="Default test" tests="3" failures="0" timestamp="2019-12-06T21:06:17 EST" time="14.784" errors="0">
  <testcase name="logoPresence" time="0.135" classname="allureReports.Test1"/>
  <testcase name="loginTest" time="1.046" classname="allureReports.Test1"/>
  <testcase name="regestrationTest" time="0.004" classname="allureReports.Test1">
    <skipped/>
  </testcase> <!-- regestrationTest -->
</testsuite> <!-- Default test -->
